パン　貸します　貸します　うち　家　送ります　あげます　あげます　あげます　あげます　あげます　あげます　あげます　あげます　あげます　あげます　あげます　あげます
箱根　お邪魔します　映画　京都　京都　京都　パンフレット　苺　ワイン ファックス　小麦粉　小麦粉　小麦粉　小麦粉　小麦粉　小麦粉　小麦粉　小麦粉　小麦粉　小麦粉　小麦粉　
小麦粉　小麦粉　小麦粉　親子丼　親子丼　住所　住所　住所　住所　住所　住所　住所　動物園　動物園　動物園　動物園　ボールペン　ボールペン　新宿　夕べ　広島　夕方　夕方
夕方　夕方　夕方　夕方　夕方　夕方　夕方　夕方　夕方　夕方　夕方　夕方　夕方　夕方　夕方　夕方　夕方　夕方　夕方　夕方　夕方　夕方　夕方　夕方　夕方　夕方　夕方　ゆうがた
ジョギング　美術館　申込書　夜中　夜中　夜中　夜中　夜中　夜中　夜中　夜中　夜中　夜中　夜中　夜中　夜中　夜中　夜中　夜中　夜中　夜中　夜中　夜中　夜中　夜中　夜中
作ります　箸　動物園　手紙　可愛い　可愛い　可愛い　難しい　難しい　難しい　難しい　難しい　難しい　難しい　難しい　難しい　難しい　魚　魚　魚　魚　魚　魚　魚　魚
魚　魚　魚　魚　魚　魚　魚　魚　魚　魚　魚　魚　魚　魚　魚　魚　魚　魚　魚　魚　魚　魚　広い　魚　全然　悪い　悪い　悪い　悪い　悪い　悪い　悪い　悪い　悪い　悪い　悪い
悪い　悪い　悪い　悪い　悪い　白い　白い　白い　白い　白い　白い　白い　白い　白い　白い　白い　白い　白い　白い　白い　静か　静か　静か　静か　静か　静か　静か
静か　静か　静か　静か　静か　静か　静か　静か　静か　静か　静か　静か　静か　静か　静か　静か　静か　静か　静か　静か　静か　静か　静か　静か　静か　静か　静か　
静か　静か　静か　静か　静か　静か　静か　静か　静か　薬　曇ります　曇ります　曇ります　曇ります　曇ります　曇ります　曇ります　曇り案す　曇ります　曇り　曇り　曇り
曇り　曇り　曇り　曇り　曇り　曇り　曇り　曇り　曇り　曇り　曇り　曇り　曇り　曇り　曇り　曇り　曇り　曇り　曇り　曇り　曇り　曇り　曇り空　曇り空　曇り空　曇り空
曇り空　曇り空　曇り空　曇り空　曇り空　曇り空　曇り空　曇り空　曇り空　世界　小さい　甘い　甘い　甘い　甘い　甘い　甘い　甘い　甘い　甘い　甘い　甘い　甘い　甘い　甘い
甘い　甘い　甘い　甘い　甘い　甘い　甘い　有名　塩辛い　塩辛い　塩辛い　塩辛い　塩辛い　塩辛い　塩辛い　塩辛い　塩辛い　塩辛い　塩辛い　塩辛い　塩辛い　塩辛い　
しょっぱい　しょっぱい　しょっぱい　しょっぱい　しょっぱい　しょっぱい　しょっぱい　しょっぱい　しょっぱい　しょっぱい　しょっぱい　しょっぱい　しょっぱい　しょっぱい
酸っぱい　しょっぱい　酸っぱい　酸っぱい　酸っぱい　酸っぱい　酸っぱい　酸っぱい　酸っぱい　酸っぱい　酸っぱい　酸っぱい　酸っぱい　酸っぱい　酸っぱい　酸っぱい　
酸っぱい　酸っぱい　酸っぱい　酸っぱい　酸っぱい　酸っぱい　酸っぱい　酸っぱい　酸っぱい　美味しい　まずい　そして　そして　そして　白い　白い　白い　白い　白い　
熱い　富士山　富士山　富士山　富士山　富士山　温泉　温泉　温泉　温泉　温泉　温泉　温泉　温泉　温泉　温泉　温泉　温泉　温泉　温泉　温泉　温泉　温泉　温泉　温泉　
温泉　温泉　温泉　温泉　温泉　女　男　女性　人形　人形　人形　人形　人形　人形　人形　人形　人形　人形　人形　人形　人形　人形　人形　人形　人形　人形　人形　
人形　人形　人形　人形　人形　人形　人形　人形　人形　海　海　海　海　海　海　海　うみ　海　海　海　海　海　海　海　海　海　海　海　海　海　海　海　海　海　海　海
如何して　いかが　いかが　いかが　いかが　いかが　いかが　いかが　いかが　いかが　いかが　いかが　いかが　いかが　いかが　いかが　いかが　いかが　いかが　いかが　いかが　
青い　寒い　面白い　親切　親切　親切　親切　親切　親切　親切　親切　親切　親切　親切　親切　親切　親切　親切　親切　親切　親切　親切　親切　親切　親切　親切
高い　したい　低い　低い　低い　低い　低い　低い　低い　低い　低い　親切　低い　低い　低い　低い　低い　低い　低い　低い　低い　低い　低い　低い　簡単　簡単　簡単　
簡単　簡単　簡単　簡単　簡単　簡単　彫刻　彫刻　彫刻　彫刻　彫刻　彫刻　彫刻　彫刻　彫刻　彫刻　彫刻　彫刻　彫刻　彫刻　彫刻う　彫刻　彫刻　彫刻　彫刻　彫刻　彫刻
汚い　汚い　汚い　汚い　汚い　汚い　汚い　汚い　汚い　汚い　汚い　汚い　汚い　汚い　汚い　汚い　汚い　汚い　汚い　汚い　汚い　汚い　汚い　汚い　汚い　汚い　汚い
汚い　汚い　熱い　不便　道具　道具　道具　道具　道具　道具　道具　道具　道具　道具　道具　道具　道具　道具　道具　道具　道具　道具　道具　道具　道具　道具　道具箱　道具箱
道具箱　道具箱　道具箱　箱根　道具箱　道具箱　道具箱　道具箱　道具箱　道具箱　道具箱　道具箱　道具箱　道具箱　道具箱　道具箱　道具箱　道具箱　道具箱　道具箱　
道具箱　浴衣　通り通り　通り　通り　通り　通り　通り　通り　通り　通り　通り　通り　通り　通り　通り　通り　通り　通り　通り　通り　通り　通り　通り　通り　通り　通り
通り　通り　中古　中古　中古　中古　中古　中古　中古　中古　中古　中古　中古　中古　中古　中古　中古　中古　古い　古い　古い　古い　古い　曇り空　古い　中古新聞
楽しい　楽しい　楽しい　楽しい　楽しい　楽しい　楽しい　楽しい　楽しい　楽しい　楽しい　楽しい　楽しい　楽しい　楽しい　楽しい　楽しい　楽しい　楽しい　楽しい　
楽しい　楽しい　楽しい　楽しい　楽しい　楽しい　楽しい　楽しい　楽しい　楽しい　楽しい　楽しい　楽しい　楽しい　楽しい　ハンサム　楽しい　楽しい　楽しい　楽しい　楽しい
楽しい　楽しい　楽しい　楽しい　楽しい　楽しい　楽しい　楽しい　楽しい　眺め　眺め　眺め　眺め　眺め　眺め　眺め　眺め　眺め　眺め　眺め　眺め　眺め　眺め　
眺め　眺め　少ない　少ない　眺め　眺め　眺め　塩辛い　塩辛い　塩辛い　塩辛い　眺め　塩辛い　しょっぱい　しょっぱい　しょっぱい　しょっぱい　苦い　苦い　苦い　
苦い　苦い　苦い　苦い　苦い　苦い　苦い　苦い　苦い　苦い　苦い　苦い　苦い　苦い　苦い　苦い　苦い　苦い　苦い　苦い　苦い　苦い　苦い　苦い　苦い　苦い　苦い
苦い　苦い　苦い　苦い　苦い　苦い　苦い　苦い　苦い　苦い　苦い　苦い　苦い　苦い　苦い　苦い　苦い　苦い　苦い　苦い　苦い　便利　古い　中古　故郷　故郷　故郷　
故郷　故郷　故郷　故郷　故郷　故郷　故郷　故郷　故郷　故郷　故郷　故郷　故郷　故郷　冷たい　冷たい　冷たい　冷たい　冷たい　冷たい　冷たい　冷たい　冷たい　冷たい　
冷たい　冷たい　冷たい　冷たい　冷たい　冷たい　冷たい　冷たい　冷たい　冷たい　冷たい　冷たい　冷たい　冷たい　冷たい　冷たい　冷たい　冷たい　冷たい　冷たい　
冷たい　冷たい　冷たい　冷たい　冷たい　冷たい　冷たい　冷たい　冷たい　冷たい　冷たい　冷たい　冷たい　冷たい　冷たい　冷たい　冷たい　冷たい　冷たい　冷たい
忙しい　忙しい　忙しい　忙しい　忙しい　忙しい　ちょうど　修学旅行　修学旅行　修学旅行　修学旅行　修学旅行　修学旅行　修学旅行　修学旅行　ご飯　魚　魚　魚　魚
観光客　生活　生活　生活　生活　生活　生活　生活　生活　生活　生活　生活　生活　生活　生活　生活　生活　生活　生活　生活　生活　生活　生活　生活　生活　生活　生活　
広い　白い　にぎやか　にぎやか　にぎやか　にぎやか　にぎやか　にぎやか　にぎやか　にぎやか　にぎやか　にぎやか　にぎやか　にぎやか　にぎやか　にぎやか　にぎやか
にぎやか　にぎやか　にぎやか　にぎやか　にぎやか　にぎやかにぎやか　にぎやか　にぎやか　にぎやか　にぎやか　にぎやか　歌舞伎　平日